2013-09-30 13:48:17,835 - Log4JLogChute initialized using file 'velocity.log'
2013-09-30 13:48:17,836 - Initializing Velocity, Calling init()...
2013-09-30 13:48:17,836 - Starting Apache Velocity v1.7 (compiled: 2010-11-19 12:14:37)
2013-09-30 13:48:17,836 - Default Properties File: org/apache/velocity/runtime/defaults/velocity.properties
2013-09-30 13:48:17,836 - Trying to use logger class org.apache.velocity.runtime.log.AvalonLogChute
2013-09-30 13:48:17,836 - Target log system for org.apache.velocity.runtime.log.AvalonLogChute is not available (java.lang.NoClassDefFoundError: org/apache/log/format/Formatter).  Falling back to next log system...
2013-09-30 13:48:17,836 - Trying to use logger class org.apache.velocity.runtime.log.Log4JLogChute
2013-09-30 13:48:17,836 - Using logger class org.apache.velocity.runtime.log.Log4JLogChute
2013-09-30 13:48:17,843 - ResourceLoader instantiated: org.apache.velocity.runtime.resource.loader.FileResourceLoader
2013-09-30 13:48:17,844 - Do unicode file recognition:  false
2013-09-30 13:48:17,844 - FileResourceLoader : adding path '.'
2013-09-30 13:48:17,860 - ResourceCache: initialized (class org.apache.velocity.runtime.resource.ResourceCacheImpl) with class java.util.Collections$SynchronizedMap cache map.
2013-09-30 13:48:17,863 - Loaded System Directive: org.apache.velocity.runtime.directive.Stop
2013-09-30 13:48:17,864 - Loaded System Directive: org.apache.velocity.runtime.directive.Define
2013-09-30 13:48:17,865 - Loaded System Directive: org.apache.velocity.runtime.directive.Break
2013-09-30 13:48:17,866 - Loaded System Directive: org.apache.velocity.runtime.directive.Evaluate
2013-09-30 13:48:17,867 - Loaded System Directive: org.apache.velocity.runtime.directive.Literal
2013-09-30 13:48:17,869 - Loaded System Directive: org.apache.velocity.runtime.directive.Macro
2013-09-30 13:48:17,870 - Loaded System Directive: org.apache.velocity.runtime.directive.Parse
2013-09-30 13:48:17,872 - Loaded System Directive: org.apache.velocity.runtime.directive.Include
2013-09-30 13:48:17,874 - Loaded System Directive: org.apache.velocity.runtime.directive.Foreach
2013-09-30 13:48:17,924 - Created '20' parsers.
2013-09-30 13:48:17,936 - Velocimacro : "velocimacro.library" is not set.  Trying default library: VM_global_library.vm
2013-09-30 13:48:17,937 - Velocimacro : Default library not found.
2013-09-30 13:48:17,937 - Velocimacro : allowInline = true : VMs can be defined inline in templates
2013-09-30 13:48:17,937 - Velocimacro : allowInlineToOverride = false : VMs defined inline may NOT replace previous VM definitions
2013-09-30 13:48:17,937 - Velocimacro : allowInlineLocal = false : VMs defined inline will be global in scope if allowed.
2013-09-30 13:48:17,937 - Velocimacro : autoload off : VM system will not automatically reload global library macros
2013-09-30 13:48:17,940 - ResourceManager : unable to find resource 'helloworld.vm' in any resource loader.
2013-09-30 13:53:48,031 - Log4JLogChute initialized using file 'velocity.log'
2013-09-30 13:53:48,032 - Initializing Velocity, Calling init()...
2013-09-30 13:53:48,032 - Starting Apache Velocity v1.7 (compiled: 2010-11-19 12:14:37)
2013-09-30 13:53:48,032 - Default Properties File: org/apache/velocity/runtime/defaults/velocity.properties
2013-09-30 13:53:48,032 - Trying to use logger class org.apache.velocity.runtime.log.AvalonLogChute
2013-09-30 13:53:48,032 - Target log system for org.apache.velocity.runtime.log.AvalonLogChute is not available (java.lang.NoClassDefFoundError: org/apache/log/format/Formatter).  Falling back to next log system...
2013-09-30 13:53:48,032 - Trying to use logger class org.apache.velocity.runtime.log.Log4JLogChute
2013-09-30 13:53:48,032 - Using logger class org.apache.velocity.runtime.log.Log4JLogChute
2013-09-30 13:53:48,039 - ResourceLoader instantiated: org.apache.velocity.runtime.resource.loader.FileResourceLoader
2013-09-30 13:53:48,040 - Do unicode file recognition:  false
2013-09-30 13:53:48,040 - FileResourceLoader : adding path '.'
2013-09-30 13:53:48,057 - ResourceCache: initialized (class org.apache.velocity.runtime.resource.ResourceCacheImpl) with class java.util.Collections$SynchronizedMap cache map.
2013-09-30 13:53:48,059 - Loaded System Directive: org.apache.velocity.runtime.directive.Stop
2013-09-30 13:53:48,060 - Loaded System Directive: org.apache.velocity.runtime.directive.Define
2013-09-30 13:53:48,061 - Loaded System Directive: org.apache.velocity.runtime.directive.Break
2013-09-30 13:53:48,062 - Loaded System Directive: org.apache.velocity.runtime.directive.Evaluate
2013-09-30 13:53:48,063 - Loaded System Directive: org.apache.velocity.runtime.directive.Literal
2013-09-30 13:53:48,065 - Loaded System Directive: org.apache.velocity.runtime.directive.Macro
2013-09-30 13:53:48,066 - Loaded System Directive: org.apache.velocity.runtime.directive.Parse
2013-09-30 13:53:48,068 - Loaded System Directive: org.apache.velocity.runtime.directive.Include
2013-09-30 13:53:48,070 - Loaded System Directive: org.apache.velocity.runtime.directive.Foreach
2013-09-30 13:53:48,117 - Created '20' parsers.
2013-09-30 13:53:48,130 - Velocimacro : "velocimacro.library" is not set.  Trying default library: VM_global_library.vm
2013-09-30 13:53:48,131 - Velocimacro : Default library not found.
2013-09-30 13:53:48,131 - Velocimacro : allowInline = true : VMs can be defined inline in templates
2013-09-30 13:53:48,131 - Velocimacro : allowInlineToOverride = false : VMs defined inline may NOT replace previous VM definitions
2013-09-30 13:53:48,131 - Velocimacro : allowInlineLocal = false : VMs defined inline will be global in scope if allowed.
2013-09-30 13:53:48,131 - Velocimacro : autoload off : VM system will not automatically reload global library macros
2013-09-30 17:24:24,174 - Log4JLogChute initialized using file 'velocity.log'
2013-09-30 17:24:24,174 - Initializing Velocity, Calling init()...
2013-09-30 17:24:24,175 - Starting Apache Velocity v1.7 (compiled: 2010-11-19 12:14:37)
2013-09-30 17:24:24,175 - Default Properties File: org/apache/velocity/runtime/defaults/velocity.properties
2013-09-30 17:24:24,175 - Trying to use logger class org.apache.velocity.runtime.log.AvalonLogChute
2013-09-30 17:24:24,175 - Target log system for org.apache.velocity.runtime.log.AvalonLogChute is not available (java.lang.NoClassDefFoundError: org/apache/log/format/Formatter).  Falling back to next log system...
2013-09-30 17:24:24,175 - Trying to use logger class org.apache.velocity.runtime.log.Log4JLogChute
2013-09-30 17:24:24,175 - Using logger class org.apache.velocity.runtime.log.Log4JLogChute
2013-09-30 17:24:24,182 - ResourceLoader instantiated: org.apache.velocity.runtime.resource.loader.FileResourceLoader
2013-09-30 17:24:24,183 - Do unicode file recognition:  false
2013-09-30 17:24:24,183 - FileResourceLoader : adding path '.'
2013-09-30 17:24:24,209 - ResourceCache: initialized (class org.apache.velocity.runtime.resource.ResourceCacheImpl) with class java.util.Collections$SynchronizedMap cache map.
2013-09-30 17:24:24,212 - Loaded System Directive: org.apache.velocity.runtime.directive.Stop
2013-09-30 17:24:24,215 - Loaded System Directive: org.apache.velocity.runtime.directive.Define
2013-09-30 17:24:24,216 - Loaded System Directive: org.apache.velocity.runtime.directive.Break
2013-09-30 17:24:24,218 - Loaded System Directive: org.apache.velocity.runtime.directive.Evaluate
2013-09-30 17:24:24,219 - Loaded System Directive: org.apache.velocity.runtime.directive.Literal
2013-09-30 17:24:24,223 - Loaded System Directive: org.apache.velocity.runtime.directive.Macro
2013-09-30 17:24:24,226 - Loaded System Directive: org.apache.velocity.runtime.directive.Parse
2013-09-30 17:24:24,229 - Loaded System Directive: org.apache.velocity.runtime.directive.Include
2013-09-30 17:24:24,231 - Loaded System Directive: org.apache.velocity.runtime.directive.Foreach
2013-09-30 17:24:24,288 - Created '20' parsers.
2013-09-30 17:24:24,302 - Velocimacro : "velocimacro.library" is not set.  Trying default library: VM_global_library.vm
2013-09-30 17:24:24,303 - Velocimacro : Default library not found.
2013-09-30 17:24:24,303 - Velocimacro : allowInline = true : VMs can be defined inline in templates
2013-09-30 17:24:24,303 - Velocimacro : allowInlineToOverride = false : VMs defined inline may NOT replace previous VM definitions
2013-09-30 17:24:24,303 - Velocimacro : allowInlineLocal = false : VMs defined inline will be global in scope if allowed.
2013-09-30 17:24:24,303 - Velocimacro : autoload off : VM system will not automatically reload global library macros
2013-09-30 17:26:19,809 - Log4JLogChute initialized using file 'velocity.log'
2013-09-30 17:26:19,810 - Initializing Velocity, Calling init()...
2013-09-30 17:26:19,810 - Starting Apache Velocity v1.7 (compiled: 2010-11-19 12:14:37)
2013-09-30 17:26:19,810 - Default Properties File: org/apache/velocity/runtime/defaults/velocity.properties
2013-09-30 17:26:19,810 - Trying to use logger class org.apache.velocity.runtime.log.AvalonLogChute
2013-09-30 17:26:19,810 - Target log system for org.apache.velocity.runtime.log.AvalonLogChute is not available (java.lang.NoClassDefFoundError: org/apache/log/format/Formatter).  Falling back to next log system...
2013-09-30 17:26:19,810 - Trying to use logger class org.apache.velocity.runtime.log.Log4JLogChute
2013-09-30 17:26:19,810 - Using logger class org.apache.velocity.runtime.log.Log4JLogChute
2013-09-30 17:26:19,817 - ResourceLoader instantiated: org.apache.velocity.runtime.resource.loader.FileResourceLoader
2013-09-30 17:26:19,819 - Do unicode file recognition:  false
2013-09-30 17:26:19,819 - FileResourceLoader : adding path '.'
2013-09-30 17:26:19,838 - ResourceCache: initialized (class org.apache.velocity.runtime.resource.ResourceCacheImpl) with class java.util.Collections$SynchronizedMap cache map.
2013-09-30 17:26:19,842 - Loaded System Directive: org.apache.velocity.runtime.directive.Stop
2013-09-30 17:26:19,845 - Loaded System Directive: org.apache.velocity.runtime.directive.Define
2013-09-30 17:26:19,846 - Loaded System Directive: org.apache.velocity.runtime.directive.Break
2013-09-30 17:26:19,847 - Loaded System Directive: org.apache.velocity.runtime.directive.Evaluate
2013-09-30 17:26:19,848 - Loaded System Directive: org.apache.velocity.runtime.directive.Literal
2013-09-30 17:26:19,850 - Loaded System Directive: org.apache.velocity.runtime.directive.Macro
2013-09-30 17:26:19,852 - Loaded System Directive: org.apache.velocity.runtime.directive.Parse
2013-09-30 17:26:19,854 - Loaded System Directive: org.apache.velocity.runtime.directive.Include
2013-09-30 17:26:19,855 - Loaded System Directive: org.apache.velocity.runtime.directive.Foreach
2013-09-30 17:26:19,915 - Created '20' parsers.
2013-09-30 17:26:19,926 - Velocimacro : "velocimacro.library" is not set.  Trying default library: VM_global_library.vm
2013-09-30 17:26:19,926 - Velocimacro : Default library not found.
2013-09-30 17:26:19,926 - Velocimacro : allowInline = true : VMs can be defined inline in templates
2013-09-30 17:26:19,926 - Velocimacro : allowInlineToOverride = false : VMs defined inline may NOT replace previous VM definitions
2013-09-30 17:26:19,926 - Velocimacro : allowInlineLocal = false : VMs defined inline will be global in scope if allowed.
2013-09-30 17:26:19,926 - Velocimacro : autoload off : VM system will not automatically reload global library macros
2013-09-30 17:26:38,780 - Log4JLogChute initialized using file 'velocity.log'
2013-09-30 17:26:38,781 - Initializing Velocity, Calling init()...
2013-09-30 17:26:38,781 - Starting Apache Velocity v1.7 (compiled: 2010-11-19 12:14:37)
2013-09-30 17:26:38,781 - Default Properties File: org/apache/velocity/runtime/defaults/velocity.properties
2013-09-30 17:26:38,781 - Trying to use logger class org.apache.velocity.runtime.log.AvalonLogChute
2013-09-30 17:26:38,781 - Target log system for org.apache.velocity.runtime.log.AvalonLogChute is not available (java.lang.NoClassDefFoundError: org/apache/log/format/Formatter).  Falling back to next log system...
2013-09-30 17:26:38,781 - Trying to use logger class org.apache.velocity.runtime.log.Log4JLogChute
2013-09-30 17:26:38,781 - Using logger class org.apache.velocity.runtime.log.Log4JLogChute
2013-09-30 17:26:38,787 - ResourceLoader instantiated: org.apache.velocity.runtime.resource.loader.FileResourceLoader
2013-09-30 17:26:38,789 - Do unicode file recognition:  false
2013-09-30 17:26:38,789 - FileResourceLoader : adding path '.'
2013-09-30 17:26:38,806 - ResourceCache: initialized (class org.apache.velocity.runtime.resource.ResourceCacheImpl) with class java.util.Collections$SynchronizedMap cache map.
2013-09-30 17:26:38,808 - Loaded System Directive: org.apache.velocity.runtime.directive.Stop
2013-09-30 17:26:38,810 - Loaded System Directive: org.apache.velocity.runtime.directive.Define
2013-09-30 17:26:38,811 - Loaded System Directive: org.apache.velocity.runtime.directive.Break
2013-09-30 17:26:38,812 - Loaded System Directive: org.apache.velocity.runtime.directive.Evaluate
2013-09-30 17:26:38,813 - Loaded System Directive: org.apache.velocity.runtime.directive.Literal
2013-09-30 17:26:38,814 - Loaded System Directive: org.apache.velocity.runtime.directive.Macro
2013-09-30 17:26:38,817 - Loaded System Directive: org.apache.velocity.runtime.directive.Parse
2013-09-30 17:26:38,819 - Loaded System Directive: org.apache.velocity.runtime.directive.Include
2013-09-30 17:26:38,820 - Loaded System Directive: org.apache.velocity.runtime.directive.Foreach
2013-09-30 17:26:38,874 - Created '20' parsers.
2013-09-30 17:26:38,889 - Velocimacro : "velocimacro.library" is not set.  Trying default library: VM_global_library.vm
2013-09-30 17:26:38,890 - Velocimacro : Default library not found.
2013-09-30 17:26:38,890 - Velocimacro : allowInline = true : VMs can be defined inline in templates
2013-09-30 17:26:38,890 - Velocimacro : allowInlineToOverride = false : VMs defined inline may NOT replace previous VM definitions
2013-09-30 17:26:38,890 - Velocimacro : allowInlineLocal = false : VMs defined inline will be global in scope if allowed.
2013-09-30 17:26:38,890 - Velocimacro : autoload off : VM system will not automatically reload global library macros
2013-10-01 20:48:48,814 - Log4JLogChute initialized using file 'velocity.log'
2013-10-01 20:48:48,814 - Initializing Velocity, Calling init()...
2013-10-01 20:48:48,814 - Starting Apache Velocity v1.7 (compiled: 2010-11-19 12:14:37)
2013-10-01 20:48:48,814 - Default Properties File: org\apache\velocity\runtime\defaults\velocity.properties
2013-10-01 20:48:48,814 - Trying to use logger class org.apache.velocity.runtime.log.AvalonLogChute
2013-10-01 20:48:48,814 - Target log system for org.apache.velocity.runtime.log.AvalonLogChute is not available (java.lang.NoClassDefFoundError: org/apache/log/format/Formatter).  Falling back to next log system...
2013-10-01 20:48:48,814 - Trying to use logger class org.apache.velocity.runtime.log.Log4JLogChute
2013-10-01 20:48:48,814 - Using logger class org.apache.velocity.runtime.log.Log4JLogChute
2013-10-01 20:48:48,821 - ResourceLoader instantiated: org.apache.velocity.runtime.resource.loader.FileResourceLoader
2013-10-01 20:48:48,822 - Do unicode file recognition:  false
2013-10-01 20:48:48,822 - FileResourceLoader : adding path '.'
2013-10-01 20:48:48,868 - ResourceCache: initialized (class org.apache.velocity.runtime.resource.ResourceCacheImpl) with class java.util.Collections$SynchronizedMap cache map.
2013-10-01 20:48:48,870 - Loaded System Directive: org.apache.velocity.runtime.directive.Stop
2013-10-01 20:48:48,871 - Loaded System Directive: org.apache.velocity.runtime.directive.Define
2013-10-01 20:48:48,872 - Loaded System Directive: org.apache.velocity.runtime.directive.Break
2013-10-01 20:48:48,873 - Loaded System Directive: org.apache.velocity.runtime.directive.Evaluate
2013-10-01 20:48:48,874 - Loaded System Directive: org.apache.velocity.runtime.directive.Literal
2013-10-01 20:48:48,875 - Loaded System Directive: org.apache.velocity.runtime.directive.Macro
2013-10-01 20:48:48,876 - Loaded System Directive: org.apache.velocity.runtime.directive.Parse
2013-10-01 20:48:48,878 - Loaded System Directive: org.apache.velocity.runtime.directive.Include
2013-10-01 20:48:48,879 - Loaded System Directive: org.apache.velocity.runtime.directive.Foreach
2013-10-01 20:48:48,912 - Created '20' parsers.
2013-10-01 20:48:48,919 - Velocimacro : "velocimacro.library" is not set.  Trying default library: VM_global_library.vm
2013-10-01 20:48:48,919 - Velocimacro : Default library not found.
2013-10-01 20:48:48,919 - Velocimacro : allowInline = true : VMs can be defined inline in templates
2013-10-01 20:48:48,919 - Velocimacro : allowInlineToOverride = false : VMs defined inline may NOT replace previous VM definitions
2013-10-01 20:48:48,919 - Velocimacro : allowInlineLocal = false : VMs defined inline will be global in scope if allowed.
2013-10-01 20:48:48,919 - Velocimacro : autoload off : VM system will not automatically reload global library macros
2013-10-01 20:49:40,526 - Log4JLogChute initialized using file 'velocity.log'
2013-10-01 20:49:40,526 - Initializing Velocity, Calling init()...
2013-10-01 20:49:40,526 - Starting Apache Velocity v1.7 (compiled: 2010-11-19 12:14:37)
2013-10-01 20:49:40,526 - Default Properties File: org\apache\velocity\runtime\defaults\velocity.properties
2013-10-01 20:49:40,526 - Trying to use logger class org.apache.velocity.runtime.log.AvalonLogChute
2013-10-01 20:49:40,526 - Target log system for org.apache.velocity.runtime.log.AvalonLogChute is not available (java.lang.NoClassDefFoundError: org/apache/log/format/Formatter).  Falling back to next log system...
2013-10-01 20:49:40,526 - Trying to use logger class org.apache.velocity.runtime.log.Log4JLogChute
2013-10-01 20:49:40,526 - Using logger class org.apache.velocity.runtime.log.Log4JLogChute
2013-10-01 20:49:40,531 - ResourceLoader instantiated: org.apache.velocity.runtime.resource.loader.FileResourceLoader
2013-10-01 20:49:40,532 - Do unicode file recognition:  false
2013-10-01 20:49:40,532 - FileResourceLoader : adding path '.'
2013-10-01 20:49:40,544 - ResourceCache: initialized (class org.apache.velocity.runtime.resource.ResourceCacheImpl) with class java.util.Collections$SynchronizedMap cache map.
2013-10-01 20:49:40,545 - Loaded System Directive: org.apache.velocity.runtime.directive.Stop
2013-10-01 20:49:40,547 - Loaded System Directive: org.apache.velocity.runtime.directive.Define
2013-10-01 20:49:40,547 - Loaded System Directive: org.apache.velocity.runtime.directive.Break
2013-10-01 20:49:40,548 - Loaded System Directive: org.apache.velocity.runtime.directive.Evaluate
2013-10-01 20:49:40,549 - Loaded System Directive: org.apache.velocity.runtime.directive.Literal
2013-10-01 20:49:40,550 - Loaded System Directive: org.apache.velocity.runtime.directive.Macro
2013-10-01 20:49:40,551 - Loaded System Directive: org.apache.velocity.runtime.directive.Parse
2013-10-01 20:49:40,552 - Loaded System Directive: org.apache.velocity.runtime.directive.Include
2013-10-01 20:49:40,553 - Loaded System Directive: org.apache.velocity.runtime.directive.Foreach
2013-10-01 20:49:40,581 - Created '20' parsers.
2013-10-01 20:49:40,587 - Velocimacro : "velocimacro.library" is not set.  Trying default library: VM_global_library.vm
2013-10-01 20:49:40,587 - Velocimacro : Default library not found.
2013-10-01 20:49:40,587 - Velocimacro : allowInline = true : VMs can be defined inline in templates
2013-10-01 20:49:40,587 - Velocimacro : allowInlineToOverride = false : VMs defined inline may NOT replace previous VM definitions
2013-10-01 20:49:40,588 - Velocimacro : allowInlineLocal = false : VMs defined inline will be global in scope if allowed.
2013-10-01 20:49:40,588 - Velocimacro : autoload off : VM system will not automatically reload global library macros
2013-10-01 20:54:28,467 - Log4JLogChute initialized using file 'velocity.log'
2013-10-01 20:54:28,468 - Initializing Velocity, Calling init()...
2013-10-01 20:54:28,468 - Starting Apache Velocity v1.7 (compiled: 2010-11-19 12:14:37)
2013-10-01 20:54:28,468 - Default Properties File: org\apache\velocity\runtime\defaults\velocity.properties
2013-10-01 20:54:28,468 - Trying to use logger class org.apache.velocity.runtime.log.AvalonLogChute
2013-10-01 20:54:28,468 - Target log system for org.apache.velocity.runtime.log.AvalonLogChute is not available (java.lang.NoClassDefFoundError: org/apache/log/format/Formatter).  Falling back to next log system...
2013-10-01 20:54:28,468 - Trying to use logger class org.apache.velocity.runtime.log.Log4JLogChute
2013-10-01 20:54:28,468 - Using logger class org.apache.velocity.runtime.log.Log4JLogChute
2013-10-01 20:54:28,473 - ResourceLoader instantiated: org.apache.velocity.runtime.resource.loader.FileResourceLoader
2013-10-01 20:54:28,474 - Do unicode file recognition:  false
2013-10-01 20:54:28,474 - FileResourceLoader : adding path '.'
2013-10-01 20:54:28,486 - ResourceCache: initialized (class org.apache.velocity.runtime.resource.ResourceCacheImpl) with class java.util.Collections$SynchronizedMap cache map.
2013-10-01 20:54:28,487 - Loaded System Directive: org.apache.velocity.runtime.directive.Stop
2013-10-01 20:54:28,488 - Loaded System Directive: org.apache.velocity.runtime.directive.Define
2013-10-01 20:54:28,489 - Loaded System Directive: org.apache.velocity.runtime.directive.Break
2013-10-01 20:54:28,490 - Loaded System Directive: org.apache.velocity.runtime.directive.Evaluate
2013-10-01 20:54:28,490 - Loaded System Directive: org.apache.velocity.runtime.directive.Literal
2013-10-01 20:54:28,492 - Loaded System Directive: org.apache.velocity.runtime.directive.Macro
2013-10-01 20:54:28,493 - Loaded System Directive: org.apache.velocity.runtime.directive.Parse
2013-10-01 20:54:28,494 - Loaded System Directive: org.apache.velocity.runtime.directive.Include
2013-10-01 20:54:28,495 - Loaded System Directive: org.apache.velocity.runtime.directive.Foreach
2013-10-01 20:54:28,522 - Created '20' parsers.
2013-10-01 20:54:28,529 - Velocimacro : "velocimacro.library" is not set.  Trying default library: VM_global_library.vm
2013-10-01 20:54:28,529 - Velocimacro : Default library not found.
2013-10-01 20:54:28,529 - Velocimacro : allowInline = true : VMs can be defined inline in templates
2013-10-01 20:54:28,529 - Velocimacro : allowInlineToOverride = false : VMs defined inline may NOT replace previous VM definitions
2013-10-01 20:54:28,529 - Velocimacro : allowInlineLocal = false : VMs defined inline will be global in scope if allowed.
2013-10-01 20:54:28,529 - Velocimacro : autoload off : VM system will not automatically reload global library macros
2013-10-18 10:31:31,447 - Log4JLogChute initialized using file 'velocity.log'
2013-10-18 10:31:31,454 - Initializing Velocity, Calling init()...
2013-10-18 10:31:31,454 - Starting Apache Velocity v1.7 (compiled: 2010-11-19 12:14:37)
2013-10-18 10:31:31,454 - Default Properties File: org/apache/velocity/runtime/defaults/velocity.properties
2013-10-18 10:31:31,454 - Trying to use logger class org.apache.velocity.runtime.log.AvalonLogChute
2013-10-18 10:31:31,454 - Target log system for org.apache.velocity.runtime.log.AvalonLogChute is not available (java.lang.NoClassDefFoundError: org/apache/log/format/Formatter).  Falling back to next log system...
2013-10-18 10:31:31,454 - Trying to use logger class org.apache.velocity.runtime.log.Log4JLogChute
2013-10-18 10:31:31,454 - Using logger class org.apache.velocity.runtime.log.Log4JLogChute
2013-10-18 10:31:31,460 - ResourceLoader instantiated: org.apache.velocity.runtime.resource.loader.FileResourceLoader
2013-10-18 10:31:31,462 - Do unicode file recognition:  false
2013-10-18 10:31:31,462 - FileResourceLoader : adding path '.'
2013-10-18 10:31:31,502 - ResourceCache: initialized (class org.apache.velocity.runtime.resource.ResourceCacheImpl) with class java.util.Collections$SynchronizedMap cache map.
2013-10-18 10:31:31,504 - Loaded System Directive: org.apache.velocity.runtime.directive.Stop
2013-10-18 10:31:31,506 - Loaded System Directive: org.apache.velocity.runtime.directive.Define
2013-10-18 10:31:31,507 - Loaded System Directive: org.apache.velocity.runtime.directive.Break
2013-10-18 10:31:31,508 - Loaded System Directive: org.apache.velocity.runtime.directive.Evaluate
2013-10-18 10:31:31,509 - Loaded System Directive: org.apache.velocity.runtime.directive.Literal
2013-10-18 10:31:31,510 - Loaded System Directive: org.apache.velocity.runtime.directive.Macro
2013-10-18 10:31:31,511 - Loaded System Directive: org.apache.velocity.runtime.directive.Parse
2013-10-18 10:31:31,513 - Loaded System Directive: org.apache.velocity.runtime.directive.Include
2013-10-18 10:31:31,514 - Loaded System Directive: org.apache.velocity.runtime.directive.Foreach
2013-10-18 10:31:31,586 - Created '20' parsers.
2013-10-18 10:31:31,595 - Velocimacro : "velocimacro.library" is not set.  Trying default library: VM_global_library.vm
2013-10-18 10:31:31,596 - Velocimacro : Default library not found.
2013-10-18 10:31:31,596 - Velocimacro : allowInline = true : VMs can be defined inline in templates
2013-10-18 10:31:31,596 - Velocimacro : allowInlineToOverride = false : VMs defined inline may NOT replace previous VM definitions
2013-10-18 10:31:31,596 - Velocimacro : allowInlineLocal = false : VMs defined inline will be global in scope if allowed.
2013-10-18 10:31:31,596 - Velocimacro : autoload off : VM system will not automatically reload global library macros
2013-10-18 10:31:51,702 - Log4JLogChute initialized using file 'velocity.log'
2013-10-18 10:31:51,703 - Initializing Velocity, Calling init()...
2013-10-18 10:31:51,703 - Starting Apache Velocity v1.7 (compiled: 2010-11-19 12:14:37)
2013-10-18 10:31:51,703 - Default Properties File: org/apache/velocity/runtime/defaults/velocity.properties
2013-10-18 10:31:51,703 - Trying to use logger class org.apache.velocity.runtime.log.AvalonLogChute
2013-10-18 10:31:51,703 - Target log system for org.apache.velocity.runtime.log.AvalonLogChute is not available (java.lang.NoClassDefFoundError: org/apache/log/format/Formatter).  Falling back to next log system...
2013-10-18 10:31:51,703 - Trying to use logger class org.apache.velocity.runtime.log.Log4JLogChute
2013-10-18 10:31:51,703 - Using logger class org.apache.velocity.runtime.log.Log4JLogChute
2013-10-18 10:31:51,708 - ResourceLoader instantiated: org.apache.velocity.runtime.resource.loader.FileResourceLoader
2013-10-18 10:31:51,710 - Do unicode file recognition:  false
2013-10-18 10:31:51,710 - FileResourceLoader : adding path '.'
2013-10-18 10:31:51,723 - ResourceCache: initialized (class org.apache.velocity.runtime.resource.ResourceCacheImpl) with class java.util.Collections$SynchronizedMap cache map.
2013-10-18 10:31:51,725 - Loaded System Directive: org.apache.velocity.runtime.directive.Stop
2013-10-18 10:31:51,726 - Loaded System Directive: org.apache.velocity.runtime.directive.Define
2013-10-18 10:31:51,727 - Loaded System Directive: org.apache.velocity.runtime.directive.Break
2013-10-18 10:31:51,728 - Loaded System Directive: org.apache.velocity.runtime.directive.Evaluate
2013-10-18 10:31:51,729 - Loaded System Directive: org.apache.velocity.runtime.directive.Literal
2013-10-18 10:31:51,730 - Loaded System Directive: org.apache.velocity.runtime.directive.Macro
2013-10-18 10:31:51,731 - Loaded System Directive: org.apache.velocity.runtime.directive.Parse
2013-10-18 10:31:51,733 - Loaded System Directive: org.apache.velocity.runtime.directive.Include
2013-10-18 10:31:51,734 - Loaded System Directive: org.apache.velocity.runtime.directive.Foreach
2013-10-18 10:31:51,780 - Created '20' parsers.
2013-10-18 10:31:51,787 - Velocimacro : "velocimacro.library" is not set.  Trying default library: VM_global_library.vm
2013-10-18 10:31:51,787 - Velocimacro : Default library not found.
2013-10-18 10:31:51,787 - Velocimacro : allowInline = true : VMs can be defined inline in templates
2013-10-18 10:31:51,787 - Velocimacro : allowInlineToOverride = false : VMs defined inline may NOT replace previous VM definitions
2013-10-18 10:31:51,787 - Velocimacro : allowInlineLocal = false : VMs defined inline will be global in scope if allowed.
2013-10-18 10:31:51,787 - Velocimacro : autoload off : VM system will not automatically reload global library macros
2013-10-18 10:36:31,013 - Log4JLogChute initialized using file 'velocity.log'
2013-10-18 10:36:31,014 - Initializing Velocity, Calling init()...
2013-10-18 10:36:31,014 - Starting Apache Velocity v1.7 (compiled: 2010-11-19 12:14:37)
2013-10-18 10:36:31,014 - Default Properties File: org/apache/velocity/runtime/defaults/velocity.properties
2013-10-18 10:36:31,014 - Trying to use logger class org.apache.velocity.runtime.log.AvalonLogChute
2013-10-18 10:36:31,014 - Target log system for org.apache.velocity.runtime.log.AvalonLogChute is not available (java.lang.NoClassDefFoundError: org/apache/log/format/Formatter).  Falling back to next log system...
2013-10-18 10:36:31,014 - Trying to use logger class org.apache.velocity.runtime.log.Log4JLogChute
2013-10-18 10:36:31,014 - Using logger class org.apache.velocity.runtime.log.Log4JLogChute
2013-10-18 10:36:31,019 - ResourceLoader instantiated: org.apache.velocity.runtime.resource.loader.FileResourceLoader
2013-10-18 10:36:31,021 - Do unicode file recognition:  false
2013-10-18 10:36:31,021 - FileResourceLoader : adding path '.'
2013-10-18 10:36:31,035 - ResourceCache: initialized (class org.apache.velocity.runtime.resource.ResourceCacheImpl) with class java.util.Collections$SynchronizedMap cache map.
2013-10-18 10:36:31,037 - Loaded System Directive: org.apache.velocity.runtime.directive.Stop
2013-10-18 10:36:31,038 - Loaded System Directive: org.apache.velocity.runtime.directive.Define
2013-10-18 10:36:31,039 - Loaded System Directive: org.apache.velocity.runtime.directive.Break
2013-10-18 10:36:31,040 - Loaded System Directive: org.apache.velocity.runtime.directive.Evaluate
2013-10-18 10:36:31,040 - Loaded System Directive: org.apache.velocity.runtime.directive.Literal
2013-10-18 10:36:31,042 - Loaded System Directive: org.apache.velocity.runtime.directive.Macro
2013-10-18 10:36:31,043 - Loaded System Directive: org.apache.velocity.runtime.directive.Parse
2013-10-18 10:36:31,045 - Loaded System Directive: org.apache.velocity.runtime.directive.Include
2013-10-18 10:36:31,046 - Loaded System Directive: org.apache.velocity.runtime.directive.Foreach
2013-10-18 10:36:31,105 - Created '20' parsers.
2013-10-18 10:36:31,116 - Velocimacro : "velocimacro.library" is not set.  Trying default library: VM_global_library.vm
2013-10-18 10:36:31,116 - Velocimacro : Default library not found.
2013-10-18 10:36:31,116 - Velocimacro : allowInline = true : VMs can be defined inline in templates
2013-10-18 10:36:31,116 - Velocimacro : allowInlineToOverride = false : VMs defined inline may NOT replace previous VM definitions
2013-10-18 10:36:31,116 - Velocimacro : allowInlineLocal = false : VMs defined inline will be global in scope if allowed.
2013-10-18 10:36:31,116 - Velocimacro : autoload off : VM system will not automatically reload global library macros
2013-10-18 10:36:37,784 - Log4JLogChute initialized using file 'velocity.log'
2013-10-18 10:36:37,785 - Initializing Velocity, Calling init()...
2013-10-18 10:36:37,785 - Starting Apache Velocity v1.7 (compiled: 2010-11-19 12:14:37)
2013-10-18 10:36:37,785 - Default Properties File: org/apache/velocity/runtime/defaults/velocity.properties
2013-10-18 10:36:37,785 - Trying to use logger class org.apache.velocity.runtime.log.AvalonLogChute
2013-10-18 10:36:37,785 - Target log system for org.apache.velocity.runtime.log.AvalonLogChute is not available (java.lang.NoClassDefFoundError: org/apache/log/format/Formatter).  Falling back to next log system...
2013-10-18 10:36:37,785 - Trying to use logger class org.apache.velocity.runtime.log.Log4JLogChute
2013-10-18 10:36:37,785 - Using logger class org.apache.velocity.runtime.log.Log4JLogChute
2013-10-18 10:36:37,791 - ResourceLoader instantiated: org.apache.velocity.runtime.resource.loader.FileResourceLoader
2013-10-18 10:36:37,792 - Do unicode file recognition:  false
2013-10-18 10:36:37,792 - FileResourceLoader : adding path '.'
2013-10-18 10:36:37,805 - ResourceCache: initialized (class org.apache.velocity.runtime.resource.ResourceCacheImpl) with class java.util.Collections$SynchronizedMap cache map.
2013-10-18 10:36:37,807 - Loaded System Directive: org.apache.velocity.runtime.directive.Stop
2013-10-18 10:36:37,808 - Loaded System Directive: org.apache.velocity.runtime.directive.Define
2013-10-18 10:36:37,809 - Loaded System Directive: org.apache.velocity.runtime.directive.Break
2013-10-18 10:36:37,810 - Loaded System Directive: org.apache.velocity.runtime.directive.Evaluate
2013-10-18 10:36:37,811 - Loaded System Directive: org.apache.velocity.runtime.directive.Literal
2013-10-18 10:36:37,812 - Loaded System Directive: org.apache.velocity.runtime.directive.Macro
2013-10-18 10:36:37,814 - Loaded System Directive: org.apache.velocity.runtime.directive.Parse
2013-10-18 10:36:37,815 - Loaded System Directive: org.apache.velocity.runtime.directive.Include
2013-10-18 10:36:37,816 - Loaded System Directive: org.apache.velocity.runtime.directive.Foreach
2013-10-18 10:36:37,879 - Created '20' parsers.
2013-10-18 10:36:37,895 - Velocimacro : "velocimacro.library" is not set.  Trying default library: VM_global_library.vm
2013-10-18 10:36:37,895 - Velocimacro : Default library not found.
2013-10-18 10:36:37,895 - Velocimacro : allowInline = true : VMs can be defined inline in templates
2013-10-18 10:36:37,895 - Velocimacro : allowInlineToOverride = false : VMs defined inline may NOT replace previous VM definitions
2013-10-18 10:36:37,896 - Velocimacro : allowInlineLocal = false : VMs defined inline will be global in scope if allowed.
2013-10-18 10:36:37,896 - Velocimacro : autoload off : VM system will not automatically reload global library macros
2013-10-18 10:43:57,751 - Log4JLogChute initialized using file 'velocity.log'
2013-10-18 10:43:57,751 - Initializing Velocity, Calling init()...
2013-10-18 10:43:57,751 - Starting Apache Velocity v1.7 (compiled: 2010-11-19 12:14:37)
2013-10-18 10:43:57,752 - Default Properties File: org/apache/velocity/runtime/defaults/velocity.properties
2013-10-18 10:43:57,752 - Trying to use logger class org.apache.velocity.runtime.log.AvalonLogChute
2013-10-18 10:43:57,752 - Target log system for org.apache.velocity.runtime.log.AvalonLogChute is not available (java.lang.NoClassDefFoundError: org/apache/log/format/Formatter).  Falling back to next log system...
2013-10-18 10:43:57,752 - Trying to use logger class org.apache.velocity.runtime.log.Log4JLogChute
2013-10-18 10:43:57,752 - Using logger class org.apache.velocity.runtime.log.Log4JLogChute
2013-10-18 10:43:57,757 - ResourceLoader instantiated: org.apache.velocity.runtime.resource.loader.FileResourceLoader
2013-10-18 10:43:57,758 - Do unicode file recognition:  false
2013-10-18 10:43:57,758 - FileResourceLoader : adding path '.'
2013-10-18 10:43:57,772 - ResourceCache: initialized (class org.apache.velocity.runtime.resource.ResourceCacheImpl) with class java.util.Collections$SynchronizedMap cache map.
2013-10-18 10:43:57,774 - Loaded System Directive: org.apache.velocity.runtime.directive.Stop
2013-10-18 10:43:57,775 - Loaded System Directive: org.apache.velocity.runtime.directive.Define
2013-10-18 10:43:57,776 - Loaded System Directive: org.apache.velocity.runtime.directive.Break
2013-10-18 10:43:57,776 - Loaded System Directive: org.apache.velocity.runtime.directive.Evaluate
2013-10-18 10:43:57,777 - Loaded System Directive: org.apache.velocity.runtime.directive.Literal
2013-10-18 10:43:57,778 - Loaded System Directive: org.apache.velocity.runtime.directive.Macro
2013-10-18 10:43:57,780 - Loaded System Directive: org.apache.velocity.runtime.directive.Parse
2013-10-18 10:43:57,781 - Loaded System Directive: org.apache.velocity.runtime.directive.Include
2013-10-18 10:43:57,782 - Loaded System Directive: org.apache.velocity.runtime.directive.Foreach
2013-10-18 10:43:57,842 - Created '20' parsers.
2013-10-18 10:43:57,853 - Velocimacro : "velocimacro.library" is not set.  Trying default library: VM_global_library.vm
2013-10-18 10:43:57,853 - Velocimacro : Default library not found.
2013-10-18 10:43:57,853 - Velocimacro : allowInline = true : VMs can be defined inline in templates
2013-10-18 10:43:57,853 - Velocimacro : allowInlineToOverride = false : VMs defined inline may NOT replace previous VM definitions
2013-10-18 10:43:57,853 - Velocimacro : allowInlineLocal = false : VMs defined inline will be global in scope if allowed.
2013-10-18 10:43:57,853 - Velocimacro : autoload off : VM system will not automatically reload global library macros
2013-10-18 10:44:06,499 - Log4JLogChute initialized using file 'velocity.log'
2013-10-18 10:44:06,500 - Initializing Velocity, Calling init()...
2013-10-18 10:44:06,500 - Starting Apache Velocity v1.7 (compiled: 2010-11-19 12:14:37)
2013-10-18 10:44:06,500 - Default Properties File: org/apache/velocity/runtime/defaults/velocity.properties
2013-10-18 10:44:06,500 - Trying to use logger class org.apache.velocity.runtime.log.AvalonLogChute
2013-10-18 10:44:06,500 - Target log system for org.apache.velocity.runtime.log.AvalonLogChute is not available (java.lang.NoClassDefFoundError: org/apache/log/format/Formatter).  Falling back to next log system...
2013-10-18 10:44:06,500 - Trying to use logger class org.apache.velocity.runtime.log.Log4JLogChute
2013-10-18 10:44:06,500 - Using logger class org.apache.velocity.runtime.log.Log4JLogChute
2013-10-18 10:44:06,506 - ResourceLoader instantiated: org.apache.velocity.runtime.resource.loader.FileResourceLoader
2013-10-18 10:44:06,507 - Do unicode file recognition:  false
2013-10-18 10:44:06,508 - FileResourceLoader : adding path '.'
2013-10-18 10:44:06,521 - ResourceCache: initialized (class org.apache.velocity.runtime.resource.ResourceCacheImpl) with class java.util.Collections$SynchronizedMap cache map.
2013-10-18 10:44:06,523 - Loaded System Directive: org.apache.velocity.runtime.directive.Stop
2013-10-18 10:44:06,524 - Loaded System Directive: org.apache.velocity.runtime.directive.Define
2013-10-18 10:44:06,525 - Loaded System Directive: org.apache.velocity.runtime.directive.Break
2013-10-18 10:44:06,534 - Loaded System Directive: org.apache.velocity.runtime.directive.Evaluate
2013-10-18 10:44:06,543 - Loaded System Directive: org.apache.velocity.runtime.directive.Literal
2013-10-18 10:44:06,544 - Loaded System Directive: org.apache.velocity.runtime.directive.Macro
2013-10-18 10:44:06,546 - Loaded System Directive: org.apache.velocity.runtime.directive.Parse
2013-10-18 10:44:06,547 - Loaded System Directive: org.apache.velocity.runtime.directive.Include
2013-10-18 10:44:06,549 - Loaded System Directive: org.apache.velocity.runtime.directive.Foreach
2013-10-18 10:44:06,675 - Created '20' parsers.
2013-10-18 10:44:06,692 - Velocimacro : "velocimacro.library" is not set.  Trying default library: VM_global_library.vm
2013-10-18 10:44:06,692 - Velocimacro : Default library not found.
2013-10-18 10:44:06,692 - Velocimacro : allowInline = true : VMs can be defined inline in templates
2013-10-18 10:44:06,692 - Velocimacro : allowInlineToOverride = false : VMs defined inline may NOT replace previous VM definitions
2013-10-18 10:44:06,693 - Velocimacro : allowInlineLocal = false : VMs defined inline will be global in scope if allowed.
2013-10-18 10:44:06,693 - Velocimacro : autoload off : VM system will not automatically reload global library macros
